Determining if the pthread_create exist failed with the following output:
Change Dir: /home/fei/leetcode/third_party/gtest-1.7.0/CMakeFiles/CMakeTmp

Run Build Command:/usr/bin/make "cmTryCompileExec6501175/fast"
make[1]: Entering directory `/home/fei/leetcode/third_party/gtest-1.7.0/CMakeFiles/CMakeTmp'
/usr/bin/make -f CMakeFiles/cmTryCompileExec6501175.dir/build.make CMakeFiles/cmTryCompileExec6501175.dir/build
make[2]: Entering directory `/home/fei/leetcode/third_party/gtest-1.7.0/CMakeFiles/CMakeTmp'
/usr/bin/cmake -E cmake_progress_report /home/fei/leetcode/third_party/gtest-1.7.0/CMakeFiles/CMakeTmp/CMakeFiles 1
Building C object CMakeFiles/cmTryCompileExec6501175.dir/CheckSymbolExists.c.o
/usr/bin/cc    -o CMakeFiles/cmTryCompileExec6501175.dir/CheckSymbolExists.c.o   -c /home/fei/leetcode/third_party/gtest-1.7.0/CMakeFiles/CMakeTmp/CheckSymbolExists.c
Linking C executable cmTryCompileExec6501175
/usr/bin/cmake -E cmake_link_script CMakeFiles/cmTryCompileExec6501175.dir/link.txt --verbose=1
/usr/bin/cc         CMakeFiles/cmTryCompileExec6501175.dir/CheckSymbolExists.c.o  -o cmTryCompileExec6501175 -rdynamic 
CMakeFiles/cmTryCompileExec6501175.dir/CheckSymbolExists.c.o: In function `main':
CheckSymbolExists.c:(.text+0x16): undefined reference to `pthread_create'
collect2: error: ld returned 1 exit status
make[2]: *** [cmTryCompileExec6501175] Error 1
make[2]: Leaving directory `/home/fei/leetcode/third_party/gtest-1.7.0/CMakeFiles/CMakeTmp'
make[1]: *** [cmTryCompileExec6501175/fast] Error 2
make[1]: Leaving directory `/home/fei/leetcode/third_party/gtest-1.7.0/CMakeFiles/CMakeTmp'

File /home/fei/leetcode/third_party/gtest-1.7.0/CMakeFiles/CMakeTmp/CheckSymbolExists.c:
/* */
#include <pthread.h>

int main(int argc, char** argv)
{
  (void)argv;
#ifndef pthread_create
  return ((int*)(&pthread_create))[argc];
#else
  (void)argc;
  return 0;
#endif
}

Determining if the function pthread_create exists in the pthreads failed with the following output:
Change Dir: /home/fei/leetcode/third_party/gtest-1.7.0/CMakeFiles/CMakeTmp

Run Build Command:/usr/bin/make "cmTryCompileExec2338062955/fast"
make[1]: Entering directory `/home/fei/leetcode/third_party/gtest-1.7.0/CMakeFiles/CMakeTmp'
/usr/bin/make -f CMakeFiles/cmTryCompileExec2338062955.dir/build.make CMakeFiles/cmTryCompileExec2338062955.dir/build
make[2]: Entering directory `/home/fei/leetcode/third_party/gtest-1.7.0/CMakeFiles/CMakeTmp'
/usr/bin/cmake -E cmake_progress_report /home/fei/leetcode/third_party/gtest-1.7.0/CMakeFiles/CMakeTmp/CMakeFiles 1
Building C object CMakeFiles/cmTryCompileExec2338062955.dir/CheckFunctionExists.c.o
/usr/bin/cc   -DCHECK_FUNCTION_EXISTS=pthread_create   -o CMakeFiles/cmTryCompileExec2338062955.dir/CheckFunctionExists.c.o   -c /usr/share/cmake-2.8/Modules/CheckFunctionExists.c
Linking C executable cmTryCompileExec2338062955
/usr/bin/cmake -E cmake_link_script CMakeFiles/cmTryCompileExec2338062955.dir/link.txt --verbose=1
/usr/bin/cc     -DCHECK_FUNCTION_EXISTS=pthread_create    CMakeFiles/cmTryCompileExec2338062955.dir/CheckFunctionExists.c.o  -o cmTryCompileExec2338062955 -rdynamic -lpthreads 
/usr/bin/ld: cannot find -lpthreads
collect2: error: ld returned 1 exit status
make[2]: *** [cmTryCompileExec2338062955] Error 1
make[2]: Leaving directory `/home/fei/leetcode/third_party/gtest-1.7.0/CMakeFiles/CMakeTmp'
make[1]: *** [cmTryCompileExec2338062955/fast] Error 2
make[1]: Leaving directory `/home/fei/leetcode/third_party/gtest-1.7.0/CMakeFiles/CMakeTmp'


